2024-01-17 03:03:08.449 [info] Log level: Info
2024-01-17 03:03:08.449 [info] Validating found git in: "git"
2024-01-17 03:03:08.449 [info] Using git "2.43.0" from "git"
2024-01-17 03:03:08.449 [info] > git rev-parse --show-toplevel [2ms]
2024-01-17 03:03:08.449 [info] fatal: not a git repository (or any of the parent directories): .git
2024-01-17 03:03:08.449 [info] > git rev-parse --show-toplevel [4ms]
2024-01-17 03:03:08.449 [info] fatal: not a git repository (or any of the parent directories): .git
2024-01-17 03:03:08.449 [info] > git rev-parse --show-toplevel [1ms]
2024-01-17 03:03:08.449 [info] fatal: not a git repository (or any of the parent directories): .git
2024-01-17 03:03:08.450 [info] > git rev-parse --show-toplevel [1ms]
2024-01-17 03:03:08.450 [info] fatal: not a git repository (or any of the parent directories): .git
2024-01-17 03:03:08.453 [info] > git rev-parse --show-toplevel [1ms]
2024-01-17 03:03:08.453 [info] fatal: not a git repository (or any of the parent directories): .git
2024-01-17 03:03:08.455 [info] > git rev-parse --show-toplevel [0ms]
2024-01-17 03:03:08.455 [info] fatal: not a git repository (or any of the parent directories): .git
2024-01-17 03:03:08.458 [info] > git rev-parse --show-toplevel [1ms]
2024-01-17 03:03:08.458 [info] fatal: not a git repository (or any of the parent directories): .git
2024-01-17 03:03:08.460 [info] > git rev-parse --show-toplevel [0ms]
2024-01-17 03:03:08.460 [info] fatal: not a git repository (or any of the parent directories): .git
2024-01-17 03:03:08.543 [info] > git rev-parse --show-toplevel [1ms]
2024-01-17 03:03:08.543 [info] fatal: not a git repository (or any of the parent directories): .git
2024-01-17 03:03:20.024 [info] > git rev-parse --show-toplevel [1ms]
2024-01-17 03:03:20.024 [info] fatal: not a git repository (or any of the parent directories): .git
2024-01-17 03:03:30.439 [info] > git rev-parse --show-toplevel [0ms]
2024-01-17 03:03:30.439 [info] fatal: not a git repository (or any of the parent directories): .git
2024-01-17 03:03:33.530 [info] > git rev-parse --show-toplevel [0ms]
2024-01-17 03:03:33.530 [info] fatal: not a git repository (or any of the parent directories): .git
2024-01-17 03:03:36.123 [info] > git rev-parse --show-toplevel [0ms]
2024-01-17 03:03:36.123 [info] fatal: not a git repository (or any of the parent directories): .git
2024-01-17 03:03:39.918 [info] > git rev-parse --show-toplevel [0ms]
2024-01-17 03:03:39.919 [info] fatal: not a git repository (or any of the parent directories): .git
2024-01-17 03:03:42.349 [info] > git rev-parse --show-toplevel [2ms]
2024-01-17 03:03:42.349 [info] fatal: not a git repository (or any of the parent directories): .git
2024-01-17 03:03:46.462 [info] > git rev-parse --show-toplevel [1ms]
2024-01-17 03:03:46.462 [info] fatal: not a git repository (or any of the parent directories): .git
2024-01-17 03:03:48.242 [info] > git rev-parse --show-toplevel [1ms]
2024-01-17 03:03:48.242 [info] fatal: not a git repository (or any of the parent directories): .git
2024-01-17 03:03:55.648 [info] > git rev-parse --show-toplevel [1ms]
2024-01-17 03:03:55.648 [info] fatal: not a git repository (or any of the parent directories): .git
2024-01-17 03:03:57.647 [info] > git rev-parse --show-toplevel [1ms]
2024-01-17 03:03:57.647 [info] fatal: not a git repository (or any of the parent directories): .git
