2024-01-17 04:34:46.576 [info] Log level: Info
2024-01-17 04:34:46.576 [info] Validating found git in: "git"
2024-01-17 04:34:46.576 [info] Using git "2.43.0" from "git"
2024-01-17 04:34:46.576 [info] > git rev-parse --show-toplevel [3ms]
2024-01-17 04:34:46.576 [info] > git rev-parse --git-dir --git-common-dir [2ms]
2024-01-17 04:34:46.576 [info] Open repository: /home/ck/Downloads/Public-dots
2024-01-17 04:34:46.576 [info] > git config --get commit.template [3ms]
2024-01-17 04:34:46.577 [info] > git rev-parse --show-toplevel [2ms]
2024-01-17 04:34:46.586 [info] > git rev-parse --show-toplevel [1ms]
2024-01-17 04:34:46.586 [info] > git for-each-ref --format=%(refname)%00%(upstream:short)%00%(objectname)%00%(upstream:track)%00%(upstream:remotename)%00%(upstream:remoteref) refs/heads/main refs/remotes/main [6ms]
2024-01-17 04:34:46.591 [warning] ENOENT: no such file or directory, open '/home/ck/Downloads/Public-dots/.git/refs/remotes/origin/main'
2024-01-17 04:34:46.592 [info] > git rev-parse --show-toplevel [3ms]
2024-01-17 04:34:46.592 [info] > git rev-parse refs/remotes/origin/main [1ms]
2024-01-17 04:34:46.950 [info] > git status -z -uall [355ms]
2024-01-17 04:34:46.957 [info] > git config --get commit.template [0ms]
2024-01-17 04:34:46.969 [info] > git for-each-ref --format=%(refname)%00%(upstream:short)%00%(objectname)%00%(upstream:track)%00%(upstream:remotename)%00%(upstream:remoteref) refs/heads/main refs/remotes/main [1ms]
2024-01-17 04:34:46.971 [warning] ENOENT: no such file or directory, open '/home/ck/Downloads/Public-dots/.git/refs/remotes/origin/main'
2024-01-17 04:34:46.972 [info] > git rev-parse refs/remotes/origin/main [1ms]
2024-01-17 04:34:47.094 [info] > git check-ignore -v -z --stdin [5ms]
2024-01-17 04:34:47.321 [info] > git status -z -uall [347ms]
2024-01-17 04:35:07.852 [info] > git show --textconv :santizie.sh [3ms]
2024-01-17 04:35:07.855 [info] > git ls-files --stage -- /home/ck/Downloads/Public-dots/santizie.sh [3ms]
2024-01-17 04:35:07.858 [info] > git cat-file -s 976e7f3d7f242565f33bcddb6776e473dd82e3e5 [0ms]
2024-01-17 04:35:12.024 [info] > git show --textconv :README.md [20ms]
2024-01-17 04:35:12.024 [info] > git ls-files --stage -- /home/ck/Downloads/Public-dots/README.md [17ms]
2024-01-17 04:35:12.027 [info] > git cat-file -s 9e51ce58f73fc6aa9ce545b84ba6af808c224cd5 [1ms]
2024-01-17 04:35:13.599 [info] > git show --textconv :LICENSE [3ms]
2024-01-17 04:35:13.602 [info] > git ls-files --stage -- /home/ck/Downloads/Public-dots/LICENSE [3ms]
2024-01-17 04:35:13.605 [info] > git cat-file -s 2bca7c079b6612a7f5ecc3d60d3f2fe9070e134a [1ms]
2024-01-17 04:35:54.493 [info] > git check-ignore -v -z --stdin [7ms]
2024-01-17 04:35:56.006 [info] > git check-ignore -v -z --stdin [5ms]
2024-01-17 04:35:57.151 [info] > git check-ignore -v -z --stdin [4ms]
2024-01-17 04:35:59.482 [info] > git show --textconv :README.md [3ms]
2024-01-17 04:35:59.485 [info] > git ls-files --stage -- /home/ck/Downloads/Public-dots/README.md [3ms]
2024-01-17 04:35:59.489 [info] > git cat-file -s 9e51ce58f73fc6aa9ce545b84ba6af808c224cd5 [1ms]
2024-01-17 04:36:36.914 [info] > git check-ignore -v -z --stdin [4ms]
2024-01-17 04:36:37.829 [info] > git check-ignore -v -z --stdin [5ms]
2024-01-17 04:36:38.680 [info] > git show --textconv :nixos/common/configs/deploy_dots.nix [3ms]
2024-01-17 04:36:38.682 [info] > git ls-files --stage -- /home/ck/Downloads/Public-dots/nixos/common/configs/deploy_dots.nix [2ms]
2024-01-17 04:36:38.685 [info] > git cat-file -s 494980510bf453895a4c15035cef210dafc0862e [0ms]
2024-01-17 04:37:08.731 [info] > git show --textconv :nixos/common/configs/firefox.nix [3ms]
2024-01-17 04:37:08.734 [info] > git ls-files --stage -- /home/ck/Downloads/Public-dots/nixos/common/configs/firefox.nix [3ms]
2024-01-17 04:37:08.737 [info] > git cat-file -s d0ea29b30e6e78cda4e3c2ae7bc0c1b2a3503d4f [1ms]
2024-01-17 04:37:27.858 [info] > git show --textconv :LICENSE [3ms]
2024-01-17 04:37:27.861 [info] > git ls-files --stage -- /home/ck/Downloads/Public-dots/LICENSE [3ms]
2024-01-17 04:37:27.864 [info] > git cat-file -s 2bca7c079b6612a7f5ecc3d60d3f2fe9070e134a [0ms]
2024-01-17 04:37:28.322 [info] > git show --textconv :flake.nix [3ms]
2024-01-17 04:37:28.325 [info] > git ls-files --stage -- /home/ck/Downloads/Public-dots/flake.nix [4ms]
2024-01-17 04:37:28.328 [info] > git cat-file -s 15415d7bfada23d826e353e03294cb70dc224754 [0ms]
2024-01-17 04:38:18.373 [info] > git check-ignore -v -z --stdin [4ms]
2024-01-17 04:38:21.131 [info] > git show --textconv :nixos/shirohebi/home.nix [3ms]
2024-01-17 04:38:21.133 [info] > git ls-files --stage -- /home/ck/Downloads/Public-dots/nixos/shirohebi/home.nix [2ms]
2024-01-17 04:38:21.136 [info] > git cat-file -s f3e991bd0573154927a0cc56777b89d8cb1099f9 [1ms]
2024-01-17 04:38:52.293 [info] > git check-ignore -v -z --stdin [5ms]
2024-01-17 04:39:00.792 [info] > git show --textconv :shirohebi/rofi/applets/bin/appasroot.sh [3ms]
2024-01-17 04:39:00.794 [info] > git ls-files --stage -- /home/ck/Downloads/Public-dots/shirohebi/rofi/applets/bin/appasroot.sh [3ms]
2024-01-17 04:39:00.797 [info] > git cat-file -s f0e694463712ac28fdb2a4ba277e83e09ab26810 [1ms]
2024-01-17 04:39:01.073 [info] > git check-ignore -v -z --stdin [4ms]
2024-01-17 04:39:08.028 [info] > git show --textconv :shirohebi/rofi/applets/bin/battery.sh [3ms]
2024-01-17 04:39:08.031 [info] > git ls-files --stage -- /home/ck/Downloads/Public-dots/shirohebi/rofi/applets/bin/battery.sh [3ms]
2024-01-17 04:39:08.034 [info] > git cat-file -s ef0dba69b24c73aeadae8fe48dbd56450bd29682 [1ms]
2024-01-17 04:39:11.416 [info] > git show --textconv :yoitsu/rofi/applets/bin/appasroot.sh [4ms]
2024-01-17 04:39:11.418 [info] > git ls-files --stage -- /home/ck/Downloads/Public-dots/yoitsu/rofi/applets/bin/appasroot.sh [2ms]
2024-01-17 04:39:11.422 [info] > git cat-file -s f0e694463712ac28fdb2a4ba277e83e09ab26810 [0ms]
2024-01-17 04:39:11.704 [info] > git check-ignore -v -z --stdin [4ms]
2024-01-17 04:39:22.423 [info] > git show --textconv :yoitsu/rofi/files/applets/bin/battery.sh [3ms]
2024-01-17 04:39:22.425 [info] > git ls-files --stage -- /home/ck/Downloads/Public-dots/yoitsu/rofi/files/applets/bin/battery.sh [2ms]
2024-01-17 04:39:22.429 [info] > git cat-file -s ef0dba69b24c73aeadae8fe48dbd56450bd29682 [1ms]
2024-01-17 04:39:22.712 [info] > git check-ignore -v -z --stdin [3ms]
2024-01-17 04:39:29.687 [info] > git show --textconv :nixos/yoitsu/configuration.nix [3ms]
2024-01-17 04:39:29.689 [info] > git ls-files --stage -- /home/ck/Downloads/Public-dots/nixos/yoitsu/configuration.nix [3ms]
2024-01-17 04:39:29.692 [info] > git cat-file -s ea2680b0ac43c4a998a34478ce78d56ab2b82ed6 [0ms]
2024-01-17 04:52:47.036 [info] > git show --textconv :shirohebi/rofi/applets/bin/appasroot.sh [3ms]
2024-01-17 04:52:47.039 [info] > git ls-files --stage -- /home/ck/Downloads/Public-dots/shirohebi/rofi/applets/bin/appasroot.sh [3ms]
2024-01-17 04:52:47.042 [info] > git cat-file -s f0e694463712ac28fdb2a4ba277e83e09ab26810 [1ms]
2024-01-17 04:52:57.152 [info] > git check-ignore -v -z --stdin [11ms]
