2024-01-16 15:43:10.227 [info] Started initializing default profile extensions in extensions installation folder. file:///home/ck/.vscode/extensions
2024-01-16 15:43:10.278 [warning] Failed to create default profile extensions manifest in extensions installation folder. file:///home/ck/.vscode/extensions Unable to create file 'vscode-userdata:/home/ck/.vscode/extensions/extensions.json' that already exists when overwrite flag is not set
2024-01-16 15:43:10.278 [info] Completed initializing default profile extensions in extensions installation folder. file:///home/ck/.vscode/extensions
2024-01-16 15:43:10.316 [error] [uncaught exception in sharedProcess]: Error: ENOENT: no such file or directory, stat '/home/ck/.vscode/extensions/extensions.json.vsctmp': EntryNotFound (FileSystemError): Error: ENOENT: no such file or directory, stat '/home/ck/.vscode/extensions/extensions.json.vsctmp'
    at r.create (/nix/store/5h69nf2zhbmly4kims40wd22lfsgz2w9-vscode-1.85.1/lib/vscode/resources/app/out/vs/code/node/sharedProcess/sharedProcessMain.js:51:30056)
    at a (/nix/store/5h69nf2zhbmly4kims40wd22lfsgz2w9-vscode-1.85.1/lib/vscode/resources/app/out/vs/code/node/sharedProcess/sharedProcessMain.js:51:30170)
    at s.fb (/nix/store/5h69nf2zhbmly4kims40wd22lfsgz2w9-vscode-1.85.1/lib/vscode/resources/app/out/vs/code/node/sharedProcess/sharedProcessMain.js:56:36175)
    at s.stat (/nix/store/5h69nf2zhbmly4kims40wd22lfsgz2w9-vscode-1.85.1/lib/vscode/resources/app/out/vs/code/node/sharedProcess/sharedProcessMain.js:56:28621)
    at async E.stat (/nix/store/5h69nf2zhbmly4kims40wd22lfsgz2w9-vscode-1.85.1/lib/vscode/resources/app/out/vs/code/node/sharedProcess/sharedProcessMain.js:56:15732)
    at async Y.tb (/nix/store/5h69nf2zhbmly4kims40wd22lfsgz2w9-vscode-1.85.1/lib/vscode/resources/app/out/vs/code/node/sharedProcess/sharedProcessMain.js:100:111319)
2024-01-16 15:43:30.375 [info] Getting Manifest... tal7aouy.icons
2024-01-16 15:43:30.378 [info] Installing extension: tal7aouy.icons
2024-01-16 15:43:31.465 [warning] Extension signature verification failed with error 'EACCES': tal7aouy.icons
2024-01-16 15:43:31.642 [info] Extracted extension to file:///home/ck/.vscode/extensions/tal7aouy.icons-3.8.0: tal7aouy.icons
2024-01-16 15:43:31.648 [info] Renamed to /home/ck/.vscode/extensions/tal7aouy.icons-3.8.0
2024-01-16 15:43:31.649 [info] Extracting extension completed. tal7aouy.icons
2024-01-16 15:43:31.655 [info] Extension installed successfully: tal7aouy.icons
2024-01-16 15:43:31.732 [error] [uncaught exception in sharedProcess]: Error: ENOENT: no such file or directory, stat '/home/ck/.vscode/extensions/extensions.json.vsctmp': EntryNotFound (FileSystemError): Error: ENOENT: no such file or directory, stat '/home/ck/.vscode/extensions/extensions.json.vsctmp'
    at r.create (/nix/store/5h69nf2zhbmly4kims40wd22lfsgz2w9-vscode-1.85.1/lib/vscode/resources/app/out/vs/code/node/sharedProcess/sharedProcessMain.js:51:30056)
    at a (/nix/store/5h69nf2zhbmly4kims40wd22lfsgz2w9-vscode-1.85.1/lib/vscode/resources/app/out/vs/code/node/sharedProcess/sharedProcessMain.js:51:30170)
    at s.fb (/nix/store/5h69nf2zhbmly4kims40wd22lfsgz2w9-vscode-1.85.1/lib/vscode/resources/app/out/vs/code/node/sharedProcess/sharedProcessMain.js:56:36175)
    at s.stat (/nix/store/5h69nf2zhbmly4kims40wd22lfsgz2w9-vscode-1.85.1/lib/vscode/resources/app/out/vs/code/node/sharedProcess/sharedProcessMain.js:56:28621)
    at async E.stat (/nix/store/5h69nf2zhbmly4kims40wd22lfsgz2w9-vscode-1.85.1/lib/vscode/resources/app/out/vs/code/node/sharedProcess/sharedProcessMain.js:56:15732)
    at async Y.tb (/nix/store/5h69nf2zhbmly4kims40wd22lfsgz2w9-vscode-1.85.1/lib/vscode/resources/app/out/vs/code/node/sharedProcess/sharedProcessMain.js:100:111319)
