2024-01-16 16:16:49.504 [info] Getting Manifest... bbenoist.nix
2024-01-16 16:16:49.508 [info] Installing extension: bbenoist.nix
2024-01-16 16:16:50.603 [warning] Extension signature verification failed with error 'EACCES': bbenoist.nix
2024-01-16 16:16:50.612 [info] Extracted extension to file:///home/ck/.vscode/extensions/bbenoist.nix-1.0.1: bbenoist.nix
2024-01-16 16:16:50.614 [info] Renamed to /home/ck/.vscode/extensions/bbenoist.nix-1.0.1
2024-01-16 16:16:50.614 [info] Extracting extension completed. bbenoist.nix
2024-01-16 16:16:50.618 [info] Extension installed successfully: bbenoist.nix
2024-01-16 16:16:50.695 [error] [uncaught exception in sharedProcess]: Error: ENOENT: no such file or directory, stat '/home/ck/.vscode/extensions/extensions.json.vsctmp': EntryNotFound (FileSystemError): Error: ENOENT: no such file or directory, stat '/home/ck/.vscode/extensions/extensions.json.vsctmp'
    at r.create (/nix/store/5h69nf2zhbmly4kims40wd22lfsgz2w9-vscode-1.85.1/lib/vscode/resources/app/out/vs/code/node/sharedProcess/sharedProcessMain.js:51:30056)
    at a (/nix/store/5h69nf2zhbmly4kims40wd22lfsgz2w9-vscode-1.85.1/lib/vscode/resources/app/out/vs/code/node/sharedProcess/sharedProcessMain.js:51:30170)
    at s.fb (/nix/store/5h69nf2zhbmly4kims40wd22lfsgz2w9-vscode-1.85.1/lib/vscode/resources/app/out/vs/code/node/sharedProcess/sharedProcessMain.js:56:36175)
    at s.stat (/nix/store/5h69nf2zhbmly4kims40wd22lfsgz2w9-vscode-1.85.1/lib/vscode/resources/app/out/vs/code/node/sharedProcess/sharedProcessMain.js:56:28621)
    at async E.stat (/nix/store/5h69nf2zhbmly4kims40wd22lfsgz2w9-vscode-1.85.1/lib/vscode/resources/app/out/vs/code/node/sharedProcess/sharedProcessMain.js:56:15732)
    at async Y.tb (/nix/store/5h69nf2zhbmly4kims40wd22lfsgz2w9-vscode-1.85.1/lib/vscode/resources/app/out/vs/code/node/sharedProcess/sharedProcessMain.js:100:111319)
2024-01-16 16:16:58.667 [info] Getting Manifest... ecmel.vscode-html-css
2024-01-16 16:16:58.673 [info] Installing extension: ecmel.vscode-html-css
2024-01-16 16:16:59.347 [warning] Extension signature verification failed with error 'EACCES': ecmel.vscode-html-css
2024-01-16 16:16:59.351 [info] Extracted extension to file:///home/ck/.vscode/extensions/ecmel.vscode-html-css-2.0.6: ecmel.vscode-html-css
2024-01-16 16:16:59.353 [info] Renamed to /home/ck/.vscode/extensions/ecmel.vscode-html-css-2.0.6
2024-01-16 16:16:59.353 [info] Extracting extension completed. ecmel.vscode-html-css
2024-01-16 16:16:59.357 [info] Extension installed successfully: ecmel.vscode-html-css
2024-01-16 16:16:59.430 [error] [uncaught exception in sharedProcess]: Error: ENOENT: no such file or directory, stat '/home/ck/.vscode/extensions/extensions.json.vsctmp': EntryNotFound (FileSystemError): Error: ENOENT: no such file or directory, stat '/home/ck/.vscode/extensions/extensions.json.vsctmp'
    at r.create (/nix/store/5h69nf2zhbmly4kims40wd22lfsgz2w9-vscode-1.85.1/lib/vscode/resources/app/out/vs/code/node/sharedProcess/sharedProcessMain.js:51:30056)
    at a (/nix/store/5h69nf2zhbmly4kims40wd22lfsgz2w9-vscode-1.85.1/lib/vscode/resources/app/out/vs/code/node/sharedProcess/sharedProcessMain.js:51:30170)
    at s.fb (/nix/store/5h69nf2zhbmly4kims40wd22lfsgz2w9-vscode-1.85.1/lib/vscode/resources/app/out/vs/code/node/sharedProcess/sharedProcessMain.js:56:36175)
    at s.stat (/nix/store/5h69nf2zhbmly4kims40wd22lfsgz2w9-vscode-1.85.1/lib/vscode/resources/app/out/vs/code/node/sharedProcess/sharedProcessMain.js:56:28621)
    at async E.stat (/nix/store/5h69nf2zhbmly4kims40wd22lfsgz2w9-vscode-1.85.1/lib/vscode/resources/app/out/vs/code/node/sharedProcess/sharedProcessMain.js:56:15732)
    at async Y.tb (/nix/store/5h69nf2zhbmly4kims40wd22lfsgz2w9-vscode-1.85.1/lib/vscode/resources/app/out/vs/code/node/sharedProcess/sharedProcessMain.js:100:111319)
