2024-01-17 03:30:37.404 [info] Extension host with pid 24842 started
2024-01-17 03:30:37.404 [info] Skipping acquiring lock for /home/ck/.config/Code/User/workspaceStorage/7b11e722d7929d51fba9f9ea9398c117.
2024-01-17 03:30:37.409 [info] ExtensionService#_doActivateExtension vscode.git-base, startup: true, activationEvent: '*', root cause: vscode.git
2024-01-17 03:30:37.412 [info] ExtensionService#_doActivateExtension vscode.git, startup: true, activationEvent: '*'
2024-01-17 03:30:37.426 [info] ExtensionService#_doActivateExtension vscode.github, startup: true, activationEvent: '*'
2024-01-17 03:30:37.489 [info] Eager extensions activated
2024-01-17 03:30:37.528 [info] ExtensionService#_doActivateExtension vscode.debug-auto-launch, startup: false, activationEvent: 'onStartupFinished'
2024-01-17 03:30:37.530 [info] ExtensionService#_doActivateExtension vscode.merge-conflict, startup: false, activationEvent: 'onStartupFinished'
2024-01-17 03:30:37.533 [info] ExtensionService#_doActivateExtension ecmel.vscode-html-css, startup: false, activationEvent: 'onStartupFinished'
2024-01-17 03:30:37.611 [info] ExtensionService#_doActivateExtension vscode.github-authentication, startup: false, activationEvent: 'onAuthenticationRequest:github'
2024-01-17 03:30:42.967 [info] ExtensionService#_doActivateExtension vscode.emmet, startup: false, activationEvent: 'onLanguage'
2024-01-17 03:50:47.128 [info] ExtensionService#_doActivateExtension vscode.extension-editing, startup: false, activationEvent: 'onLanguage:json'
2024-01-17 03:50:47.137 [info] ExtensionService#_doActivateExtension vscode.json-language-features, startup: false, activationEvent: 'onLanguage:json'
2024-01-17 03:50:47.147 [info] ExtensionService#_doActivateExtension vscode.npm, startup: false, activationEvent: 'onLanguage:json'
2024-01-17 04:02:17.305 [info] ExtensionService#_doActivateExtension vscode.media-preview, startup: false, activationEvent: 'onCustomEditor:imagePreview.previewEditor'
2024-01-17 04:02:44.267 [info] Extension host terminating: renderer closed the MessagePort
2024-01-17 04:02:44.274 [error] Canceled: Canceled
	at new g (/nix/store/5h69nf2zhbmly4kims40wd22lfsgz2w9-vscode-1.85.1/lib/vscode/resources/app/out/vs/workbench/api/node/extensionHostProcess.js:141:110274)
	at l.U (/nix/store/5h69nf2zhbmly4kims40wd22lfsgz2w9-vscode-1.85.1/lib/vscode/resources/app/out/vs/workbench/api/node/extensionHostProcess.js:150:10866)
	at P.<computed>.j.charCodeAt.P.<computed> (/nix/store/5h69nf2zhbmly4kims40wd22lfsgz2w9-vscode-1.85.1/lib/vscode/resources/app/out/vs/workbench/api/node/extensionHostProcess.js:150:8317)
	at d.g (/nix/store/5h69nf2zhbmly4kims40wd22lfsgz2w9-vscode-1.85.1/lib/vscode/resources/app/out/vs/workbench/api/node/extensionHostProcess.js:141:139555)
	at d.executeCommand (/nix/store/5h69nf2zhbmly4kims40wd22lfsgz2w9-vscode-1.85.1/lib/vscode/resources/app/out/vs/workbench/api/node/extensionHostProcess.js:141:138993)
	at p.registerCommand.description (/nix/store/5h69nf2zhbmly4kims40wd22lfsgz2w9-vscode-1.85.1/lib/vscode/resources/app/out/vs/workbench/api/node/extensionHostProcess.js:141:138317)
	at d.h (/nix/store/5h69nf2zhbmly4kims40wd22lfsgz2w9-vscode-1.85.1/lib/vscode/resources/app/out/vs/workbench/api/node/extensionHostProcess.js:141:140094)
	at d.g (/nix/store/5h69nf2zhbmly4kims40wd22lfsgz2w9-vscode-1.85.1/lib/vscode/resources/app/out/vs/workbench/api/node/extensionHostProcess.js:141:139086)
	at d.executeCommand (/nix/store/5h69nf2zhbmly4kims40wd22lfsgz2w9-vscode-1.85.1/lib/vscode/resources/app/out/vs/workbench/api/node/extensionHostProcess.js:141:138993)
	at Object.executeCommand (/nix/store/5h69nf2zhbmly4kims40wd22lfsgz2w9-vscode-1.85.1/lib/vscode/resources/app/out/vs/workbench/api/node/extensionHostProcess.js:158:21333)
	at f.I [as value] (/nix/store/5h69nf2zhbmly4kims40wd22lfsgz2w9-vscode-1.85.1/lib/vscode/resources/app/extensions/git/dist/main.js:2:924696)
	at n.y (/nix/store/5h69nf2zhbmly4kims40wd22lfsgz2w9-vscode-1.85.1/lib/vscode/resources/app/out/vs/workbench/api/node/extensionHostProcess.js:80:1902)
	at n.z (/nix/store/5h69nf2zhbmly4kims40wd22lfsgz2w9-vscode-1.85.1/lib/vscode/resources/app/out/vs/workbench/api/node/extensionHostProcess.js:80:1972)
	at n.fire (/nix/store/5h69nf2zhbmly4kims40wd22lfsgz2w9-vscode-1.85.1/lib/vscode/resources/app/out/vs/workbench/api/node/extensionHostProcess.js:80:2188)
	at Object.m [as dispose] (/nix/store/5h69nf2zhbmly4kims40wd22lfsgz2w9-vscode-1.85.1/lib/vscode/resources/app/extensions/git/dist/main.js:2:940613)
	at /nix/store/5h69nf2zhbmly4kims40wd22lfsgz2w9-vscode-1.85.1/lib/vscode/resources/app/extensions/git/dist/main.js:2:945566
	at Array.forEach (<anonymous>)
	at p.dispose (/nix/store/5h69nf2zhbmly4kims40wd22lfsgz2w9-vscode-1.85.1/lib/vscode/resources/app/extensions/git/dist/main.js:2:945552)
	at u.<anonymous> (/nix/store/5h69nf2zhbmly4kims40wd22lfsgz2w9-vscode-1.85.1/lib/vscode/resources/app/out/vs/workbench/api/node/extensionHostProcess.js:137:3620)
	at u.dispose (/nix/store/5h69nf2zhbmly4kims40wd22lfsgz2w9-vscode-1.85.1/lib/vscode/resources/app/out/vs/workbench/api/node/extensionHostProcess.js:137:3717)
	at u.<anonymous> (/nix/store/5h69nf2zhbmly4kims40wd22lfsgz2w9-vscode-1.85.1/lib/vscode/resources/app/extensions/git/dist/main.js:2:926708)
	at u.dispose (/nix/store/5h69nf2zhbmly4kims40wd22lfsgz2w9-vscode-1.85.1/lib/vscode/resources/app/out/vs/workbench/api/node/extensionHostProcess.js:137:3717)
	at s (/nix/store/5h69nf2zhbmly4kims40wd22lfsgz2w9-vscode-1.85.1/lib/vscode/resources/app/out/vs/workbench/api/node/extensionHostProcess.js:30:754)
	at f.cb (/nix/store/5h69nf2zhbmly4kims40wd22lfsgz2w9-vscode-1.85.1/lib/vscode/resources/app/out/vs/workbench/api/node/extensionHostProcess.js:154:9873)
	at /nix/store/5h69nf2zhbmly4kims40wd22lfsgz2w9-vscode-1.85.1/lib/vscode/resources/app/out/vs/workbench/api/node/extensionHostProcess.js:154:7808
	at Array.map (<anonymous>)
	at f.Y (/nix/store/5h69nf2zhbmly4kims40wd22lfsgz2w9-vscode-1.85.1/lib/vscode/resources/app/out/vs/workbench/api/node/extensionHostProcess.js:154:7795)
	at f.terminate (/nix/store/5h69nf2zhbmly4kims40wd22lfsgz2w9-vscode-1.85.1/lib/vscode/resources/app/out/vs/workbench/api/node/extensionHostProcess.js:154:8068)
	at s.terminate (/nix/store/5h69nf2zhbmly4kims40wd22lfsgz2w9-vscode-1.85.1/lib/vscode/resources/app/out/vs/workbench/api/node/extensionHostProcess.js:158:1513)
	at a (/nix/store/5h69nf2zhbmly4kims40wd22lfsgz2w9-vscode-1.85.1/lib/vscode/resources/app/out/vs/workbench/api/node/extensionHostProcess.js:171:9802)
	at MessagePortMain.<anonymous> (/nix/store/5h69nf2zhbmly4kims40wd22lfsgz2w9-vscode-1.85.1/lib/vscode/resources/app/out/vs/workbench/api/node/extensionHostProcess.js:171:6227)
	at MessagePortMain.emit (node:events:513:28)
	at MessagePortMain._internalPort.emit (node:electron/js2c/utility_init:2:367) setContext undefined
2024-01-17 04:02:44.274 [error] Canceled: Canceled
	at new g (/nix/store/5h69nf2zhbmly4kims40wd22lfsgz2w9-vscode-1.85.1/lib/vscode/resources/app/out/vs/workbench/api/node/extensionHostProcess.js:141:110274)
	at l.U (/nix/store/5h69nf2zhbmly4kims40wd22lfsgz2w9-vscode-1.85.1/lib/vscode/resources/app/out/vs/workbench/api/node/extensionHostProcess.js:150:10866)
	at P.<computed>.j.charCodeAt.P.<computed> (/nix/store/5h69nf2zhbmly4kims40wd22lfsgz2w9-vscode-1.85.1/lib/vscode/resources/app/out/vs/workbench/api/node/extensionHostProcess.js:150:8317)
	at d.g (/nix/store/5h69nf2zhbmly4kims40wd22lfsgz2w9-vscode-1.85.1/lib/vscode/resources/app/out/vs/workbench/api/node/extensionHostProcess.js:141:139555)
	at d.executeCommand (/nix/store/5h69nf2zhbmly4kims40wd22lfsgz2w9-vscode-1.85.1/lib/vscode/resources/app/out/vs/workbench/api/node/extensionHostProcess.js:141:138993)
	at p.registerCommand.description (/nix/store/5h69nf2zhbmly4kims40wd22lfsgz2w9-vscode-1.85.1/lib/vscode/resources/app/out/vs/workbench/api/node/extensionHostProcess.js:141:138317)
	at d.h (/nix/store/5h69nf2zhbmly4kims40wd22lfsgz2w9-vscode-1.85.1/lib/vscode/resources/app/out/vs/workbench/api/node/extensionHostProcess.js:141:140094)
	at d.g (/nix/store/5h69nf2zhbmly4kims40wd22lfsgz2w9-vscode-1.85.1/lib/vscode/resources/app/out/vs/workbench/api/node/extensionHostProcess.js:141:139086)
	at d.executeCommand (/nix/store/5h69nf2zhbmly4kims40wd22lfsgz2w9-vscode-1.85.1/lib/vscode/resources/app/out/vs/workbench/api/node/extensionHostProcess.js:141:138993)
	at Object.executeCommand (/nix/store/5h69nf2zhbmly4kims40wd22lfsgz2w9-vscode-1.85.1/lib/vscode/resources/app/out/vs/workbench/api/node/extensionHostProcess.js:158:21333)
	at set b [as b] (/nix/store/5h69nf2zhbmly4kims40wd22lfsgz2w9-vscode-1.85.1/lib/vscode/resources/app/extensions/github/dist/extension.js:2:322364)
	at /nix/store/5h69nf2zhbmly4kims40wd22lfsgz2w9-vscode-1.85.1/lib/vscode/resources/app/extensions/github/dist/extension.js:2:323005
	at f.value (/nix/store/5h69nf2zhbmly4kims40wd22lfsgz2w9-vscode-1.85.1/lib/vscode/resources/app/extensions/git/dist/main.js:2:1016450)
	at n.y (/nix/store/5h69nf2zhbmly4kims40wd22lfsgz2w9-vscode-1.85.1/lib/vscode/resources/app/out/vs/workbench/api/node/extensionHostProcess.js:80:1902)
	at n.z (/nix/store/5h69nf2zhbmly4kims40wd22lfsgz2w9-vscode-1.85.1/lib/vscode/resources/app/out/vs/workbench/api/node/extensionHostProcess.js:80:1972)
	at n.fire (/nix/store/5h69nf2zhbmly4kims40wd22lfsgz2w9-vscode-1.85.1/lib/vscode/resources/app/out/vs/workbench/api/node/extensionHostProcess.js:80:2188)
	at Object.m [as dispose] (/nix/store/5h69nf2zhbmly4kims40wd22lfsgz2w9-vscode-1.85.1/lib/vscode/resources/app/extensions/git/dist/main.js:2:940613)
	at /nix/store/5h69nf2zhbmly4kims40wd22lfsgz2w9-vscode-1.85.1/lib/vscode/resources/app/extensions/git/dist/main.js:2:945566
	at Array.forEach (<anonymous>)
	at p.dispose (/nix/store/5h69nf2zhbmly4kims40wd22lfsgz2w9-vscode-1.85.1/lib/vscode/resources/app/extensions/git/dist/main.js:2:945552)
	at u.<anonymous> (/nix/store/5h69nf2zhbmly4kims40wd22lfsgz2w9-vscode-1.85.1/lib/vscode/resources/app/out/vs/workbench/api/node/extensionHostProcess.js:137:3620)
	at u.dispose (/nix/store/5h69nf2zhbmly4kims40wd22lfsgz2w9-vscode-1.85.1/lib/vscode/resources/app/out/vs/workbench/api/node/extensionHostProcess.js:137:3717)
	at u.<anonymous> (/nix/store/5h69nf2zhbmly4kims40wd22lfsgz2w9-vscode-1.85.1/lib/vscode/resources/app/extensions/git/dist/main.js:2:926708)
	at u.dispose (/nix/store/5h69nf2zhbmly4kims40wd22lfsgz2w9-vscode-1.85.1/lib/vscode/resources/app/out/vs/workbench/api/node/extensionHostProcess.js:137:3717)
	at s (/nix/store/5h69nf2zhbmly4kims40wd22lfsgz2w9-vscode-1.85.1/lib/vscode/resources/app/out/vs/workbench/api/node/extensionHostProcess.js:30:754)
	at f.cb (/nix/store/5h69nf2zhbmly4kims40wd22lfsgz2w9-vscode-1.85.1/lib/vscode/resources/app/out/vs/workbench/api/node/extensionHostProcess.js:154:9873)
	at /nix/store/5h69nf2zhbmly4kims40wd22lfsgz2w9-vscode-1.85.1/lib/vscode/resources/app/out/vs/workbench/api/node/extensionHostProcess.js:154:7808
	at Array.map (<anonymous>)
	at f.Y (/nix/store/5h69nf2zhbmly4kims40wd22lfsgz2w9-vscode-1.85.1/lib/vscode/resources/app/out/vs/workbench/api/node/extensionHostProcess.js:154:7795)
	at f.terminate (/nix/store/5h69nf2zhbmly4kims40wd22lfsgz2w9-vscode-1.85.1/lib/vscode/resources/app/out/vs/workbench/api/node/extensionHostProcess.js:154:8068)
	at s.terminate (/nix/store/5h69nf2zhbmly4kims40wd22lfsgz2w9-vscode-1.85.1/lib/vscode/resources/app/out/vs/workbench/api/node/extensionHostProcess.js:158:1513)
	at a (/nix/store/5h69nf2zhbmly4kims40wd22lfsgz2w9-vscode-1.85.1/lib/vscode/resources/app/out/vs/workbench/api/node/extensionHostProcess.js:171:9802)
	at MessagePortMain.<anonymous> (/nix/store/5h69nf2zhbmly4kims40wd22lfsgz2w9-vscode-1.85.1/lib/vscode/resources/app/out/vs/workbench/api/node/extensionHostProcess.js:171:6227)
	at MessagePortMain.emit (node:events:513:28)
	at MessagePortMain._internalPort.emit (node:electron/js2c/utility_init:2:367) setContext undefined
2024-01-17 04:02:44.275 [info] Extension host with pid 24842 exiting with code 0
