2024-01-17 03:30:37.501 [info] Log level: Info
2024-01-17 03:30:37.501 [info] Validating found git in: "git"
2024-01-17 03:30:37.501 [info] Using git "2.43.0" from "git"
2024-01-17 03:30:37.501 [info] > git rev-parse --show-toplevel [0ms]
2024-01-17 03:30:37.501 [info] > git rev-parse --git-dir --git-common-dir [0ms]
2024-01-17 03:30:37.501 [info] Open repository: /home/ck/Downloads/nixos-config
2024-01-17 03:30:37.501 [info] > git rev-parse --show-toplevel [1ms]
2024-01-17 03:30:37.501 [info] > git config --get commit.template [4ms]
2024-01-17 03:30:37.501 [info] > git rev-parse --show-toplevel [4ms]
2024-01-17 03:30:37.501 [info] > git for-each-ref --format=%(refname)%00%(upstream:short)%00%(objectname)%00%(upstream:track)%00%(upstream:remotename)%00%(upstream:remoteref) refs/heads/main refs/remotes/main [1ms]
2024-01-17 03:30:37.501 [warning] ENOENT: no such file or directory, open '/home/ck/Downloads/nixos-config/.git/refs/remotes/origin/main'
2024-01-17 03:30:37.501 [info] > git rev-parse --show-toplevel [3ms]
2024-01-17 03:30:37.501 [info] > git rev-parse refs/remotes/origin/main [1ms]
2024-01-17 03:30:37.501 [info] > git rev-parse --show-toplevel [5ms]
2024-01-17 03:30:37.501 [info] > git rev-parse --show-toplevel [2ms]
2024-01-17 03:30:37.518 [info] > git status -z -uall [36ms]
2024-01-17 03:30:37.534 [info] > git config --get commit.template [7ms]
2024-01-17 03:30:37.538 [info] > git for-each-ref --format=%(refname)%00%(upstream:short)%00%(objectname)%00%(upstream:track)%00%(upstream:remotename)%00%(upstream:remoteref) refs/heads/main refs/remotes/main [1ms]
2024-01-17 03:30:37.541 [warning] ENOENT: no such file or directory, open '/home/ck/Downloads/nixos-config/.git/refs/remotes/origin/main'
2024-01-17 03:30:37.541 [info] > git rev-parse refs/remotes/origin/main [0ms]
2024-01-17 03:30:37.583 [info] > git status -z -uall [39ms]
2024-01-17 03:30:38.038 [info] > git check-ignore -v -z --stdin [0ms]
2024-01-17 03:30:42.774 [info] > git check-ignore -v -z --stdin [0ms]
2024-01-17 03:30:43.171 [info] > git show --textconv :hosts/nixos/hardware-configuration.nix [2ms]
2024-01-17 03:30:43.172 [info] > git ls-files --stage -- /home/ck/Downloads/nixos-config/hosts/nixos/hardware-configuration.nix [1ms]
2024-01-17 03:30:43.175 [info] > git cat-file -s e37d201949f66aea855998fc34d54e028ca6a6b8 [1ms]
2024-01-17 03:30:48.106 [info] > git check-ignore -v -z --stdin [1ms]
2024-01-17 03:30:50.754 [info] > git show --textconv :flake.nix [4ms]
2024-01-17 03:30:50.755 [info] > git ls-files --stage -- /home/ck/Downloads/nixos-config/flake.nix [2ms]
2024-01-17 03:30:50.757 [info] > git cat-file -s b508f7c775e11d61c7b8b997f4a3df215d2dd31e [0ms]
2024-01-17 03:31:20.917 [info] > git check-ignore -v -z --stdin [0ms]
2024-01-17 03:31:24.093 [info] > git show --textconv :modules/core/default.nix [2ms]
2024-01-17 03:31:24.094 [info] > git ls-files --stage -- /home/ck/Downloads/nixos-config/modules/core/default.nix [1ms]
2024-01-17 03:31:24.097 [info] > git cat-file -s cde622dd273e8d7f65fdab6ceced47f813eadde3 [1ms]
2024-01-17 03:31:40.667 [info] > git show --textconv :modules/core/bootloader.nix [2ms]
2024-01-17 03:31:40.668 [info] > git ls-files --stage -- /home/ck/Downloads/nixos-config/modules/core/bootloader.nix [1ms]
2024-01-17 03:31:40.670 [info] > git cat-file -s c1044fee7c501e6ab6c53d86d682c0757bdcadac [0ms]
2024-01-17 03:31:44.451 [info] > git show --textconv :modules/core/cloudflare-warp.nix [2ms]
2024-01-17 03:31:44.452 [info] > git ls-files --stage -- /home/ck/Downloads/nixos-config/modules/core/cloudflare-warp.nix [1ms]
2024-01-17 03:31:44.454 [info] > git cat-file -s ad644b1b1508fd5537909c291506f28552cfc047 [0ms]
2024-01-17 03:32:02.690 [info] > git show --textconv :modules/core/default.nix [2ms]
2024-01-17 03:32:02.691 [info] > git ls-files --stage -- /home/ck/Downloads/nixos-config/modules/core/default.nix [1ms]
2024-01-17 03:32:02.693 [info] > git cat-file -s cde622dd273e8d7f65fdab6ceced47f813eadde3 [0ms]
2024-01-17 03:32:05.028 [info] > git show --textconv :modules/core/hardware.nix [5ms]
2024-01-17 03:32:05.029 [info] > git ls-files --stage -- /home/ck/Downloads/nixos-config/modules/core/hardware.nix [2ms]
2024-01-17 03:32:05.032 [info] > git cat-file -s b86ba2338f504eba921c3a664d6a4b1680e9cf44 [1ms]
2024-01-17 03:32:16.081 [info] > git show --textconv :modules/core/network.nix [2ms]
2024-01-17 03:32:16.082 [info] > git ls-files --stage -- /home/ck/Downloads/nixos-config/modules/core/network.nix [1ms]
2024-01-17 03:32:16.085 [info] > git cat-file -s 3cda36a3cc141371d5498ad55eeee822efcb3b6a [1ms]
2024-01-17 03:32:30.679 [info] > git show --textconv :modules/core/pipewire.nix [3ms]
2024-01-17 03:32:30.679 [info] > git ls-files --stage -- /home/ck/Downloads/nixos-config/modules/core/pipewire.nix [1ms]
2024-01-17 03:32:30.681 [info] > git cat-file -s d18c697fe5093b3c6122e0369be9766438b7c961 [0ms]
2024-01-17 03:32:34.011 [info] > git show --textconv :modules/core/program.nix [2ms]
2024-01-17 03:32:34.011 [info] > git ls-files --stage -- /home/ck/Downloads/nixos-config/modules/core/program.nix [1ms]
2024-01-17 03:32:34.013 [info] > git cat-file -s 0c4703532f3dc5cb2175141f8f3d310c5b6a3f09 [0ms]
2024-01-17 03:32:43.220 [info] > git show --textconv :modules/core/security.nix [3ms]
2024-01-17 03:32:43.220 [info] > git ls-files --stage -- /home/ck/Downloads/nixos-config/modules/core/security.nix [1ms]
2024-01-17 03:32:43.223 [info] > git cat-file -s f5fcfa1f114901c25b9b8689b31b28d0c5f90909 [1ms]
2024-01-17 03:32:50.622 [info] > git show --textconv :modules/core/services.nix [2ms]
2024-01-17 03:32:50.623 [info] > git ls-files --stage -- /home/ck/Downloads/nixos-config/modules/core/services.nix [1ms]
2024-01-17 03:32:50.625 [info] > git cat-file -s 6f6eab7df1cef9fc4039d2031bfedf6b3eb15125 [1ms]
2024-01-17 03:37:33.687 [info] > git show --textconv :modules/core/steam.nix [3ms]
2024-01-17 03:37:33.688 [info] > git ls-files --stage -- /home/ck/Downloads/nixos-config/modules/core/steam.nix [1ms]
2024-01-17 03:37:33.690 [info] > git cat-file -s 0308ffd2f5dc51fcd18f04f678b11321343de6c2 [1ms]
2024-01-17 03:37:39.998 [info] > git show --textconv :modules/core/system.nix [2ms]
2024-01-17 03:37:39.999 [info] > git ls-files --stage -- /home/ck/Downloads/nixos-config/modules/core/system.nix [1ms]
2024-01-17 03:37:40.001 [info] > git cat-file -s 0b0cdca1a79bb09a0d427dd1f7fc30e79289820f [0ms]
2024-01-17 03:42:57.306 [info] > git show --textconv :modules/core/user.nix [2ms]
2024-01-17 03:42:57.307 [info] > git ls-files --stage -- /home/ck/Downloads/nixos-config/modules/core/user.nix [1ms]
2024-01-17 03:42:57.309 [info] > git cat-file -s b438f8ca59dabe5516f5ee335274901abb10f4a8 [0ms]
2024-01-17 03:43:09.973 [info] > git show --textconv :modules/core/virtualization.nix [4ms]
2024-01-17 03:43:09.974 [info] > git ls-files --stage -- /home/ck/Downloads/nixos-config/modules/core/virtualization.nix [2ms]
2024-01-17 03:43:10.003 [info] > git cat-file -s efe6c384cfed301886d3d463e608a0dd9fb04a8b [2ms]
2024-01-17 03:44:35.840 [info] > git show --textconv :modules/core/wayland.nix [2ms]
2024-01-17 03:44:35.841 [info] > git ls-files --stage -- /home/ck/Downloads/nixos-config/modules/core/wayland.nix [1ms]
2024-01-17 03:44:35.843 [info] > git cat-file -s 6e158fd8ca9b861794cd79e4817fdad8fdf623b3 [1ms]
2024-01-17 03:44:45.676 [info] > git show --textconv :modules/core/xserver.nix [2ms]
2024-01-17 03:44:45.677 [info] > git ls-files --stage -- /home/ck/Downloads/nixos-config/modules/core/xserver.nix [1ms]
2024-01-17 03:44:45.680 [info] > git cat-file -s 140df4266488180b9b38e37909ce6e0200319a82 [1ms]
2024-01-17 03:45:02.850 [info] > git check-ignore -v -z --stdin [1ms]
2024-01-17 03:45:04.403 [info] > git check-ignore -v -z --stdin [1ms]
2024-01-17 03:45:07.420 [info] > git check-ignore -v -z --stdin [1ms]
2024-01-17 03:45:10.618 [info] > git check-ignore -v -z --stdin [1ms]
2024-01-17 03:45:13.807 [info] > git show --textconv :modules/home/aseprite/default.nix [3ms]
2024-01-17 03:45:13.807 [info] > git ls-files --stage -- /home/ck/Downloads/nixos-config/modules/home/aseprite/default.nix [1ms]
2024-01-17 03:45:13.809 [info] > git cat-file -s 31a592bdc7e4a3e5a1a52d16da4db516e79454da [0ms]
2024-01-17 03:46:03.646 [info] > git check-ignore -v -z --stdin [1ms]
2024-01-17 03:46:04.378 [info] > git show --textconv :modules/home/audacious/config [2ms]
2024-01-17 03:46:04.379 [info] > git ls-files --stage -- /home/ck/Downloads/nixos-config/modules/home/audacious/config [1ms]
2024-01-17 03:46:04.381 [info] > git cat-file -s b93897754edf9fc687ee112c57ea85f581769af3 [0ms]
2024-01-17 03:46:05.642 [info] > git show --textconv :modules/home/audacious/default.nix [4ms]
2024-01-17 03:46:05.643 [info] > git ls-files --stage -- /home/ck/Downloads/nixos-config/modules/home/audacious/default.nix [2ms]
2024-01-17 03:46:05.647 [info] > git cat-file -s 75ac2b326c062820f27fbdf797c9fe00e898a535 [1ms]
2024-01-17 03:46:56.109 [info] > git show --textconv :modules/home/audacious/config [2ms]
2024-01-17 03:46:56.110 [info] > git ls-files --stage -- /home/ck/Downloads/nixos-config/modules/home/audacious/config [1ms]
2024-01-17 03:46:56.112 [info] > git cat-file -s b93897754edf9fc687ee112c57ea85f581769af3 [1ms]
2024-01-17 03:47:11.424 [info] > git check-ignore -v -z --stdin [0ms]
2024-01-17 03:47:11.996 [info] > git show --textconv :modules/home/bat/default.nix [3ms]
2024-01-17 03:47:11.996 [info] > git ls-files --stage -- /home/ck/Downloads/nixos-config/modules/home/bat/default.nix [1ms]
2024-01-17 03:47:11.999 [info] > git cat-file -s 4a63753ed1d187fd83999ebe9d8771fc1476d889 [1ms]
2024-01-17 03:47:15.802 [info] > git check-ignore -v -z --stdin [1ms]
2024-01-17 03:47:16.310 [info] > git show --textconv :modules/home/btop/default.nix [3ms]
2024-01-17 03:47:16.310 [info] > git ls-files --stage -- /home/ck/Downloads/nixos-config/modules/home/btop/default.nix [0ms]
2024-01-17 03:47:16.313 [info] > git cat-file -s 915d697fe18203a8759419deb70111f5dc73f6d6 [1ms]
2024-01-17 03:47:20.194 [info] > git check-ignore -v -z --stdin [0ms]
2024-01-17 03:47:20.590 [info] > git show --textconv :modules/home/cava/default.nix [3ms]
2024-01-17 03:47:20.590 [info] > git ls-files --stage -- /home/ck/Downloads/nixos-config/modules/home/cava/default.nix [0ms]
2024-01-17 03:47:20.593 [info] > git cat-file -s 7988bec863861cef7b0959d5df02aa0a29c81ffb [0ms]
2024-01-17 03:47:39.438 [info] > git show --textconv :modules/home/audacious/default.nix [3ms]
2024-01-17 03:47:39.439 [info] > git ls-files --stage -- /home/ck/Downloads/nixos-config/modules/home/audacious/default.nix [1ms]
2024-01-17 03:47:39.442 [info] > git cat-file -s 75ac2b326c062820f27fbdf797c9fe00e898a535 [1ms]
2024-01-17 03:47:43.337 [info] > git show --textconv :modules/home/cava/default.nix [2ms]
2024-01-17 03:47:43.338 [info] > git ls-files --stage -- /home/ck/Downloads/nixos-config/modules/home/cava/default.nix [1ms]
2024-01-17 03:47:43.340 [info] > git cat-file -s 7988bec863861cef7b0959d5df02aa0a29c81ffb [0ms]
2024-01-17 03:49:10.478 [info] > git check-ignore -v -z --stdin [0ms]
2024-01-17 03:49:11.028 [info] > git show --textconv :modules/home/discord/default.nix [3ms]
2024-01-17 03:49:11.029 [info] > git ls-files --stage -- /home/ck/Downloads/nixos-config/modules/home/discord/default.nix [1ms]
2024-01-17 03:49:11.032 [info] > git cat-file -s f48a6db674ad93994bafcfd29884d559cc191d06 [1ms]
2024-01-17 03:49:14.649 [info] > git show --textconv :modules/home/discord/theme-template.nix [4ms]
2024-01-17 03:49:14.649 [info] > git ls-files --stage -- /home/ck/Downloads/nixos-config/modules/home/discord/theme-template.nix [1ms]
2024-01-17 03:49:14.651 [info] > git cat-file -s 616993c97946f33e419057d405ffac0fc1b9c475 [0ms]
2024-01-17 03:49:17.773 [info] > git show --textconv :modules/home/discord/default.nix [4ms]
2024-01-17 03:49:17.774 [info] > git ls-files --stage -- /home/ck/Downloads/nixos-config/modules/home/discord/default.nix [1ms]
2024-01-17 03:49:17.777 [info] > git cat-file -s f48a6db674ad93994bafcfd29884d559cc191d06 [0ms]
2024-01-17 03:50:32.693 [info] > git check-ignore -v -z --stdin [1ms]
2024-01-17 03:50:34.917 [info] > git show --textconv :modules/home/firefox/default.nix [3ms]
2024-01-17 03:50:34.917 [info] > git ls-files --stage -- /home/ck/Downloads/nixos-config/modules/home/firefox/default.nix [1ms]
2024-01-17 03:50:34.920 [info] > git cat-file -s a71eb5d1cce89aceee9662c0cbe25887657e7d65 [1ms]
2024-01-17 03:50:47.301 [info] > git show --textconv :modules/home/firefox/stylus-2023-11-09.json [4ms]
2024-01-17 03:50:47.301 [info] > git ls-files --stage -- /home/ck/Downloads/nixos-config/modules/home/firefox/stylus-2023-11-09.json [2ms]
2024-01-17 03:50:47.306 [info] > git cat-file -s d7e0478a4ab6c85de628c62061f65e481ac4907c [2ms]
2024-01-17 03:51:54.045 [info] > git check-ignore -v -z --stdin [1ms]
2024-01-17 03:51:54.365 [info] > git show --textconv :modules/home/gaming/default.nix [3ms]
2024-01-17 03:51:54.366 [info] > git ls-files --stage -- /home/ck/Downloads/nixos-config/modules/home/gaming/default.nix [0ms]
2024-01-17 03:51:54.368 [info] > git cat-file -s 222ef232e79f3f0a507162a03b5525c4a2dbcbda [1ms]
2024-01-17 03:52:06.361 [info] > git check-ignore -v -z --stdin [1ms]
2024-01-17 03:52:06.812 [info] > git show --textconv :modules/home/git/default.nix [2ms]
2024-01-17 03:52:06.813 [info] > git ls-files --stage -- /home/ck/Downloads/nixos-config/modules/home/git/default.nix [1ms]
2024-01-17 03:52:06.815 [info] > git cat-file -s 1dd5b8f044e892b068242e0a2787c5823f13538f [0ms]
2024-01-17 03:52:14.727 [info] > git check-ignore -v -z --stdin [0ms]
2024-01-17 03:52:15.164 [info] > git show --textconv :modules/home/gtk/default.nix [3ms]
2024-01-17 03:52:15.164 [info] > git ls-files --stage -- /home/ck/Downloads/nixos-config/modules/home/gtk/default.nix [1ms]
2024-01-17 03:52:15.167 [info] > git cat-file -s 4fee87c14c6f2cfa3e63c9556d8e5df160384a1b [1ms]
2024-01-17 03:52:45.955 [info] > git check-ignore -v -z --stdin [1ms]
2024-01-17 03:52:46.646 [info] > git show --textconv :modules/home/hyprland/config.nix [2ms]
2024-01-17 03:52:46.647 [info] > git ls-files --stage -- /home/ck/Downloads/nixos-config/modules/home/hyprland/config.nix [1ms]
2024-01-17 03:52:46.649 [info] > git cat-file -s 4b7c8c205b85b0702ffb9c20727b61db48f0fdfb [0ms]
2024-01-17 03:53:01.470 [info] > git show --textconv :modules/home/hyprland/default.nix [3ms]
2024-01-17 03:53:01.470 [info] > git ls-files --stage -- /home/ck/Downloads/nixos-config/modules/home/hyprland/default.nix [1ms]
2024-01-17 03:53:01.473 [info] > git cat-file -s c8e98f195bc30fc21d0ccb93848e301764331132 [1ms]
2024-01-17 03:53:05.530 [info] > git show --textconv :modules/home/hyprland/hyprland.nix [3ms]
2024-01-17 03:53:05.530 [info] > git ls-files --stage -- /home/ck/Downloads/nixos-config/modules/home/hyprland/hyprland.nix [1ms]
2024-01-17 03:53:05.533 [info] > git cat-file -s 859a7db234ee04227dca65c5ea5412eedbd2e918 [1ms]
2024-01-17 03:53:27.553 [info] > git show --textconv :modules/home/hyprland/variables.nix [2ms]
2024-01-17 03:53:27.554 [info] > git ls-files --stage -- /home/ck/Downloads/nixos-config/modules/home/hyprland/variables.nix [1ms]
2024-01-17 03:53:27.556 [info] > git cat-file -s 7e530d61a0caf3862752464617a23d997eb1bbed [0ms]
2024-01-17 03:53:31.154 [info] > git check-ignore -v -z --stdin [0ms]
2024-01-17 03:53:31.753 [info] > git show --textconv :modules/home/kitty/default.nix [3ms]
2024-01-17 03:53:31.754 [info] > git ls-files --stage -- /home/ck/Downloads/nixos-config/modules/home/kitty/default.nix [1ms]
2024-01-17 03:53:31.757 [info] > git cat-file -s 42db5658bf85d096e15091dfca2d45e50bb52fce [1ms]
2024-01-17 03:53:37.189 [info] > git check-ignore -v -z --stdin [1ms]
2024-01-17 03:53:38.094 [info] > git show --textconv :modules/home/mako/default.nix [2ms]
2024-01-17 03:53:38.095 [info] > git ls-files --stage -- /home/ck/Downloads/nixos-config/modules/home/mako/default.nix [1ms]
2024-01-17 03:53:38.097 [info] > git cat-file -s 1bff090030c4f72f437ba7192689c7e9b1a17dc4 [0ms]
2024-01-17 03:53:40.764 [info] > git check-ignore -v -z --stdin [1ms]
2024-01-17 03:53:47.700 [info] > git show --textconv :modules/home/micro/default.nix [3ms]
2024-01-17 03:53:47.700 [info] > git ls-files --stage -- /home/ck/Downloads/nixos-config/modules/home/micro/default.nix [0ms]
2024-01-17 03:53:47.703 [info] > git cat-file -s f0d142202051e4e44edb0fbf0ac325d775fa7257 [1ms]
2024-01-17 03:53:56.944 [info] > git check-ignore -v -z --stdin [0ms]
2024-01-17 03:53:57.280 [info] > git show --textconv :modules/home/nvim/default.nix [4ms]
2024-01-17 03:53:57.280 [info] > git ls-files --stage -- /home/ck/Downloads/nixos-config/modules/home/nvim/default.nix [0ms]
2024-01-17 03:53:57.284 [info] > git cat-file -s 8c526a9c7a5bb2f96b06905f92484b0b1049e1f2 [0ms]
2024-01-17 03:54:00.268 [info] > git check-ignore -v -z --stdin [1ms]
2024-01-17 03:54:00.998 [info] > git show --textconv :modules/home/package/default.nix [3ms]
2024-01-17 03:54:00.998 [info] > git ls-files --stage -- /home/ck/Downloads/nixos-config/modules/home/package/default.nix [1ms]
2024-01-17 03:54:01.002 [info] > git cat-file -s 4293a9ced9c069886ef684de380ce9812c04e4d7 [1ms]
2024-01-17 03:59:44.425 [info] > git show --textconv :modules/home/package/python.nix [3ms]
2024-01-17 03:59:44.425 [info] > git ls-files --stage -- /home/ck/Downloads/nixos-config/modules/home/package/python.nix [1ms]
2024-01-17 03:59:44.428 [info] > git cat-file -s 477fc13acaa3b1fe0b46b16f163807e87ba42352 [0ms]
2024-01-17 03:59:48.781 [info] > git check-ignore -v -z --stdin [1ms]
2024-01-17 03:59:49.421 [info] > git show --textconv :modules/home/rider/default.nix [2ms]
2024-01-17 03:59:49.422 [info] > git ls-files --stage -- /home/ck/Downloads/nixos-config/modules/home/rider/default.nix [0ms]
2024-01-17 03:59:49.424 [info] > git cat-file -s 435c8395e8d280ed9e6214c42828925f01364498 [1ms]
2024-01-17 03:59:58.684 [info] > git check-ignore -v -z --stdin [1ms]
2024-01-17 03:59:59.489 [info] > git show --textconv :modules/home/scripts/default.nix [3ms]
2024-01-17 03:59:59.489 [info] > git ls-files --stage -- /home/ck/Downloads/nixos-config/modules/home/scripts/default.nix [1ms]
2024-01-17 03:59:59.492 [info] > git cat-file -s 1e27c4944fbe65cad172b32cc76f7b2d13792b1c [1ms]
2024-01-17 04:00:10.141 [info] > git check-ignore -v -z --stdin [0ms]
2024-01-17 04:00:10.806 [info] > git show --textconv :modules/home/scripts/scripts/compress.sh [3ms]
2024-01-17 04:00:10.807 [info] > git ls-files --stage -- /home/ck/Downloads/nixos-config/modules/home/scripts/scripts/compress.sh [1ms]
2024-01-17 04:00:10.810 [info] > git cat-file -s 5c31e62aaf5eba590c37ae5b36ef9e50bd308dc2 [1ms]
2024-01-17 04:00:12.047 [info] > git check-ignore -v -z --stdin [1ms]
2024-01-17 04:00:12.988 [info] > git show --textconv :modules/home/scripts/scripts/extract.sh [3ms]
2024-01-17 04:00:12.989 [info] > git ls-files --stage -- /home/ck/Downloads/nixos-config/modules/home/scripts/scripts/extract.sh [1ms]
2024-01-17 04:00:12.992 [info] > git cat-file -s ecc25ddf9095b2d0ef533db8a975ee0edae28e50 [1ms]
2024-01-17 04:00:13.848 [info] > git show --textconv :modules/home/scripts/scripts/keybinds.sh [3ms]
2024-01-17 04:00:13.848 [info] > git ls-files --stage -- /home/ck/Downloads/nixos-config/modules/home/scripts/scripts/keybinds.sh [1ms]
2024-01-17 04:00:13.851 [info] > git cat-file -s c1837e1ba92fa24085fad7cdf22eeb4f58ae6e7c [1ms]
2024-01-17 04:00:17.840 [info] > git show --textconv :modules/home/scripts/scripts/extract.sh [3ms]
2024-01-17 04:00:17.840 [info] > git ls-files --stage -- /home/ck/Downloads/nixos-config/modules/home/scripts/scripts/extract.sh [0ms]
2024-01-17 04:00:17.843 [info] > git cat-file -s ecc25ddf9095b2d0ef533db8a975ee0edae28e50 [1ms]
2024-01-17 04:00:21.664 [info] > git show --textconv :modules/home/scripts/scripts/lofi.sh [2ms]
2024-01-17 04:00:21.665 [info] > git ls-files --stage -- /home/ck/Downloads/nixos-config/modules/home/scripts/scripts/lofi.sh [1ms]
2024-01-17 04:00:21.667 [info] > git cat-file -s 76cdc8fa4bb0b34f4030efbe2bcde33c4f85c19f [0ms]
2024-01-17 04:00:34.631 [info] > git show --textconv :modules/home/scripts/scripts/maxfetch.sh [3ms]
2024-01-17 04:00:34.631 [info] > git ls-files --stage -- /home/ck/Downloads/nixos-config/modules/home/scripts/scripts/maxfetch.sh [1ms]
2024-01-17 04:00:34.634 [info] > git cat-file -s 486f41133c601d462b997f6a461d478cbf407d35 [1ms]
2024-01-17 04:00:42.303 [info] > git show --textconv :modules/home/scripts/scripts/music.sh [2ms]
2024-01-17 04:00:42.304 [info] > git ls-files --stage -- /home/ck/Downloads/nixos-config/modules/home/scripts/scripts/music.sh [1ms]
2024-01-17 04:00:42.306 [info] > git cat-file -s d0d0600a128b2456d5a04b1e339683d5d9dd76c4 [0ms]
2024-01-17 04:00:46.561 [info] > git check-ignore -v -z --stdin [0ms]
2024-01-17 04:00:48.565 [info] > git check-ignore -v -z --stdin [0ms]
2024-01-17 04:00:50.840 [info] > git check-ignore -v -z --stdin [0ms]
2024-01-17 04:00:51.377 [info] > git show --textconv :modules/home/unity/default.nix [3ms]
2024-01-17 04:00:51.377 [info] > git ls-files --stage -- /home/ck/Downloads/nixos-config/modules/home/unity/default.nix [1ms]
2024-01-17 04:00:51.380 [info] > git cat-file -s aad7e5116a5ef0dc53136c79b760554c52197eda [0ms]
2024-01-17 04:00:53.469 [info] > git check-ignore -v -z --stdin [0ms]
2024-01-17 04:00:54.103 [info] > git show --textconv :modules/home/vscodium/default.nix [3ms]
2024-01-17 04:00:54.104 [info] > git ls-files --stage -- /home/ck/Downloads/nixos-config/modules/home/vscodium/default.nix [1ms]
2024-01-17 04:00:54.107 [info] > git cat-file -s 4200a75769566307195bc04f5838d9a6262e5a53 [1ms]
2024-01-17 04:01:01.692 [info] > git check-ignore -v -z --stdin [1ms]
2024-01-17 04:01:02.079 [info] > git show --textconv :modules/home/waybar/default.nix [3ms]
2024-01-17 04:01:02.079 [info] > git ls-files --stage -- /home/ck/Downloads/nixos-config/modules/home/waybar/default.nix [1ms]
2024-01-17 04:01:02.082 [info] > git cat-file -s 72e86f6d0436e632de6ca22622ed39e20894982e [1ms]
2024-01-17 04:01:10.911 [info] > git show --textconv :modules/home/waybar/settings.nix [3ms]
2024-01-17 04:01:10.912 [info] > git ls-files --stage -- /home/ck/Downloads/nixos-config/modules/home/waybar/settings.nix [1ms]
2024-01-17 04:01:10.914 [info] > git cat-file -s a703903f380862ce8b42d83b6663c636d07485b9 [0ms]
2024-01-17 04:01:16.881 [info] > git show --textconv :modules/home/waybar/style.nix [3ms]
2024-01-17 04:01:16.882 [info] > git ls-files --stage -- /home/ck/Downloads/nixos-config/modules/home/waybar/style.nix [1ms]
2024-01-17 04:01:16.885 [info] > git cat-file -s f852af8cfe78a1687b7b35d74666b9fa85faec9f [0ms]
2024-01-17 04:01:29.407 [info] > git show --textconv :modules/home/waybar/waybar.nix [4ms]
2024-01-17 04:01:29.407 [info] > git ls-files --stage -- /home/ck/Downloads/nixos-config/modules/home/waybar/waybar.nix [0ms]
2024-01-17 04:01:29.411 [info] > git cat-file -s c50e8737219ad9a58906ab69532e880c6b8d0046 [1ms]
2024-01-17 04:01:32.150 [info] > git check-ignore -v -z --stdin [0ms]
2024-01-17 04:01:33.399 [info] > git show --textconv :modules/home/wofi/default.nix [4ms]
2024-01-17 04:01:33.399 [info] > git ls-files --stage -- /home/ck/Downloads/nixos-config/modules/home/wofi/default.nix [1ms]
2024-01-17 04:01:33.403 [info] > git cat-file -s 8a341da8657277c2e5c620be004244d8c4cb7ec1 [0ms]
2024-01-17 04:01:34.634 [info] > git check-ignore -v -z --stdin [0ms]
2024-01-17 04:01:35.434 [info] > git show --textconv :modules/home/wofi/config/config [4ms]
2024-01-17 04:01:35.434 [info] > git ls-files --stage -- /home/ck/Downloads/nixos-config/modules/home/wofi/config/config [1ms]
2024-01-17 04:01:35.437 [info] > git cat-file -s 4506e27d61acce879b75599fa17dd4cf120a6851 [1ms]
2024-01-17 04:01:38.157 [info] > git check-ignore -v -z --stdin [0ms]
2024-01-17 04:01:38.609 [info] > git show --textconv :modules/home/zsh/default.nix [3ms]
2024-01-17 04:01:38.610 [info] > git ls-files --stage -- /home/ck/Downloads/nixos-config/modules/home/zsh/default.nix [1ms]
2024-01-17 04:01:38.613 [info] > git cat-file -s cff311074e73e1a6efb1f239a8fcd6ca2512ec24 [1ms]
2024-01-17 04:01:57.553 [info] > git show --textconv :modules/home/default.nix [2ms]
2024-01-17 04:01:57.554 [info] > git ls-files --stage -- /home/ck/Downloads/nixos-config/modules/home/default.nix [1ms]
2024-01-17 04:01:57.556 [info] > git cat-file -s 546f560d8979eb11a6519c4cd21d3a68baaa4abc [0ms]
2024-01-17 04:02:04.704 [info] > git check-ignore -v -z --stdin [0ms]
2024-01-17 04:02:06.109 [info] > git check-ignore -v -z --stdin [0ms]
2024-01-17 04:02:06.786 [info] > git check-ignore -v -z --stdin [0ms]
2024-01-17 04:02:07.285 [info] > git show --textconv :pkgs/_2048/default.nix [3ms]
2024-01-17 04:02:07.285 [info] > git ls-files --stage -- /home/ck/Downloads/nixos-config/pkgs/_2048/default.nix [1ms]
2024-01-17 04:02:07.288 [info] > git cat-file -s 25ec4ed44470296360dffea0cf928a76bdbadf8b [1ms]
2024-01-17 04:02:12.591 [info] > git show --textconv :pkgs/default.nix [3ms]
2024-01-17 04:02:12.591 [info] > git ls-files --stage -- /home/ck/Downloads/nixos-config/pkgs/default.nix [0ms]
2024-01-17 04:02:12.594 [info] > git cat-file -s d3a5f7f728229827f867037d472699e0646f8428 [1ms]
2024-01-17 04:02:16.274 [info] > git check-ignore -v -z --stdin [1ms]
2024-01-17 04:02:33.480 [info] > git show --textconv :flake.nix [3ms]
2024-01-17 04:02:33.481 [info] > git ls-files --stage -- /home/ck/Downloads/nixos-config/flake.nix [1ms]
2024-01-17 04:02:33.483 [info] > git cat-file -s b508f7c775e11d61c7b8b997f4a3df215d2dd31e [0ms]
