2024-01-17 16:57:23.168 [info] Log level: Info
2024-01-17 16:57:23.168 [info] Validating found git in: "git"
2024-01-17 16:57:23.168 [info] Using git "2.43.0" from "git"
2024-01-17 16:57:23.168 [info] > git rev-parse --show-toplevel [1ms]
2024-01-17 16:57:23.168 [info] > git rev-parse --git-dir --git-common-dir [0ms]
2024-01-17 16:57:23.168 [info] Open repository: /home/ck/Downloads/Public-dots
2024-01-17 16:57:23.168 [info] > git config --get commit.template [3ms]
2024-01-17 16:57:23.168 [info] > git rev-parse --show-toplevel [1ms]
2024-01-17 16:57:23.168 [info] > git for-each-ref --format=%(refname)%00%(upstream:short)%00%(objectname)%00%(upstream:track)%00%(upstream:remotename)%00%(upstream:remoteref) refs/heads/main refs/remotes/main [4ms]
2024-01-17 16:57:23.168 [warning] ENOENT: no such file or directory, open '/home/ck/Downloads/Public-dots/.git/refs/remotes/origin/main'
2024-01-17 16:57:23.168 [info] > git rev-parse --show-toplevel [3ms]
2024-01-17 16:57:23.168 [info] > git rev-parse refs/remotes/origin/main [4ms]
2024-01-17 16:57:23.168 [info] > git rev-parse --show-toplevel [5ms]
2024-01-17 16:57:23.709 [info] > git check-ignore -v -z --stdin [7ms]
2024-01-17 16:57:25.053 [info] > git status -z -uall [1893ms]
2024-01-17 16:57:25.061 [info] > git config --get commit.template [3ms]
2024-01-17 16:57:25.064 [info] > git for-each-ref --format=%(refname)%00%(upstream:short)%00%(objectname)%00%(upstream:track)%00%(upstream:remotename)%00%(upstream:remoteref) refs/heads/main refs/remotes/main [1ms]
2024-01-17 16:57:25.066 [warning] ENOENT: no such file or directory, open '/home/ck/Downloads/Public-dots/.git/refs/remotes/origin/main'
2024-01-17 16:57:25.066 [info] > git rev-parse refs/remotes/origin/main [0ms]
2024-01-17 16:57:26.006 [info] > git status -z -uall [938ms]
2024-01-17 16:57:26.282 [info] > git check-ignore -v -z --stdin [3ms]
2024-01-17 16:57:28.469 [info] > git check-ignore -v -z --stdin [4ms]
2024-01-17 16:57:29.344 [info] > git check-ignore -v -z --stdin [3ms]
2024-01-17 16:57:30.610 [info] > git show --textconv :nixos/shirohebi/configs/hypr/default.nix [3ms]
2024-01-17 16:57:30.612 [info] > git ls-files --stage -- /home/ck/Downloads/Public-dots/nixos/shirohebi/configs/hypr/default.nix [3ms]
2024-01-17 16:57:30.615 [info] > git cat-file -s 4e40722d013a3ed5aeb9c6ad783e63ae063f4260 [0ms]
2024-01-17 16:57:35.419 [info] > git check-ignore -v -z --stdin [4ms]
2024-01-17 16:57:36.825 [info] > git check-ignore -v -z --stdin [3ms]
2024-01-17 16:57:37.649 [info] > git check-ignore -v -z --stdin [4ms]
2024-01-17 16:57:39.238 [info] > git show --textconv :nixos/yoitsu/8bitdo.nix [4ms]
2024-01-17 16:57:39.239 [info] > git ls-files --stage -- /home/ck/Downloads/Public-dots/nixos/yoitsu/8bitdo.nix [3ms]
2024-01-17 16:57:39.242 [info] > git cat-file -s 2ded65360bf78b42bf4ac3e2cb9e8ce58920d1d9 [0ms]
2024-01-17 16:57:42.311 [info] > git show --textconv :nixos/yoitsu/home.nix [2ms]
2024-01-17 16:57:42.312 [info] > git ls-files --stage -- /home/ck/Downloads/Public-dots/nixos/yoitsu/home.nix [2ms]
2024-01-17 16:57:42.315 [info] > git cat-file -s c56c63ba8cfc9b4b836caf58de7933fca8102f20 [0ms]
2024-01-17 16:58:02.440 [info] > git check-ignore -v -z --stdin [4ms]
2024-01-17 16:58:04.932 [info] > git check-ignore -v -z --stdin [5ms]
2024-01-17 16:58:05.999 [info] > git ls-files --stage -- /home/ck/Downloads/Public-dots/nixos/common/configs/firefox.nix [2ms]
2024-01-17 16:58:06.002 [info] > git show --textconv :nixos/common/configs/firefox.nix [8ms]
2024-01-17 16:58:06.002 [info] > git cat-file -s d0ea29b30e6e78cda4e3c2ae7bc0c1b2a3503d4f [1ms]
