2024-01-16 16:54:28.723 [info] Log level: Info
2024-01-16 16:54:28.723 [info] Validating found git in: "git"
2024-01-16 16:54:28.731 [info] Using git "2.43.0" from "git"
2024-01-16 16:54:28.738 [info] > git rev-parse --show-toplevel [2ms]
2024-01-16 16:54:28.738 [info] fatal: not a git repository (or any of the parent directories): .git
2024-01-16 16:54:28.749 [info] > git rev-parse --show-toplevel [8ms]
2024-01-16 16:54:28.749 [info] fatal: not a git repository (or any of the parent directories): .git
2024-01-16 16:54:28.754 [info] > git rev-parse --show-toplevel [0ms]
2024-01-16 16:54:28.754 [info] fatal: not a git repository (or any of the parent directories): .git
2024-01-16 16:54:28.756 [info] > git rev-parse --show-toplevel [0ms]
2024-01-16 16:54:28.756 [info] fatal: not a git repository (or any of the parent directories): .git
2024-01-16 16:54:28.769 [info] > git rev-parse --show-toplevel [1ms]
2024-01-16 16:54:28.769 [info] fatal: not a git repository (or any of the parent directories): .git
2024-01-16 16:54:31.072 [info] > git rev-parse --show-toplevel [0ms]
2024-01-16 16:54:31.072 [info] fatal: not a git repository (or any of the parent directories): .git
2024-01-16 16:54:32.833 [info] > git rev-parse --show-toplevel [0ms]
2024-01-16 16:54:32.833 [info] fatal: not a git repository (or any of the parent directories): .git
2024-01-16 16:54:45.280 [info] > git rev-parse --show-toplevel [0ms]
2024-01-16 16:54:45.280 [info] fatal: not a git repository (or any of the parent directories): .git
2024-01-16 16:54:57.264 [info] > git rev-parse --show-toplevel [1ms]
2024-01-16 16:54:57.264 [info] fatal: not a git repository (or any of the parent directories): .git
2024-01-16 16:55:05.003 [info] > git rev-parse --show-toplevel [1ms]
2024-01-16 16:55:05.003 [info] fatal: not a git repository (or any of the parent directories): .git
2024-01-16 16:55:12.102 [info] > git rev-parse --show-toplevel [1ms]
2024-01-16 16:55:12.102 [info] fatal: not a git repository (or any of the parent directories): .git
2024-01-16 16:55:15.480 [info] > git rev-parse --show-toplevel [1ms]
2024-01-16 16:55:15.480 [info] fatal: not a git repository (or any of the parent directories): .git
2024-01-16 16:55:24.229 [info] > git rev-parse --show-toplevel [1ms]
2024-01-16 16:55:24.229 [info] fatal: not a git repository (or any of the parent directories): .git
2024-01-16 16:55:28.927 [info] > git rev-parse --show-toplevel [1ms]
2024-01-16 16:55:28.927 [info] fatal: not a git repository (or any of the parent directories): .git
2024-01-16 16:57:17.591 [info] > git rev-parse --show-toplevel [0ms]
2024-01-16 16:57:17.591 [info] fatal: not a git repository (or any of the parent directories): .git
2024-01-16 16:57:21.429 [info] > git rev-parse --show-toplevel [1ms]
2024-01-16 16:57:21.429 [info] fatal: not a git repository (or any of the parent directories): .git
2024-01-16 16:57:23.585 [info] > git rev-parse --show-toplevel [1ms]
2024-01-16 16:57:23.585 [info] fatal: not a git repository (or any of the parent directories): .git
2024-01-16 16:57:26.918 [info] > git rev-parse --show-toplevel [0ms]
2024-01-16 16:57:26.918 [info] fatal: not a git repository (or any of the parent directories): .git
2024-01-16 16:57:30.580 [info] > git rev-parse --show-toplevel [1ms]
2024-01-16 16:57:30.580 [info] fatal: not a git repository (or any of the parent directories): .git
2024-01-16 16:57:47.244 [info] > git rev-parse --show-toplevel [0ms]
2024-01-16 16:57:47.244 [info] fatal: not a git repository (or any of the parent directories): .git
2024-01-16 16:58:53.661 [info] > git rev-parse --show-toplevel [1ms]
2024-01-16 16:58:53.661 [info] fatal: not a git repository (or any of the parent directories): .git
